#
# A fatal error has been detected by the Java Runtime Environment:
#
#  Internal Error (javaCalls.cpp:62), pid=6954, tid=11523
#  guarantee(thread->is_Java_thread()) failed: crucial check - the VM thread cannot and must not escape to Java code
#
# JRE version: Java(TM) SE Runtime Environment (7.0_67-b01) (build 1.7.0_67-b01)
# Java VM: Java HotSpot(TM) 64-Bit Server VM (24.65-b04 mixed mode bsd-amd64 compressed oops)
# Failed to write core dump. Core dumps have been disabled. To enable core dumping, try "ulimit -c unlimited" before starting Java again
#
# If you would like to submit a bug report, please visit:
#   http://bugreport.sun.com/bugreport/crash.jsp
#

---------------  T H R E A D  ---------------

Current thread (0x00007f8f8d01e000):  VMThread [stack: 0x0000000117674000,0x0000000117774000] [id=11523]

Stack: [0x0000000117674000,0x0000000117774000],  sp=0x0000000117772df0,  free space=1019k
Native frames: (J=compiled Java code, j=interpreted, Vv=VM code, C=native code)
V  [libjvm.dylib+0x52b19d]  VMError::report_and_die()+0x5cd
V  [libjvm.dylib+0x1ecfd5]  report_vm_error(char const*, int, char const*, char const*)+0x54
V  [libjvm.dylib+0x2daa14]  JavaCallWrapper::JavaCallWrapper(methodHandle, Handle, JavaValue*, Thread*)+0x64
V  [libjvm.dylib+0x2dae94]  JavaCalls::call_helper(JavaValue*, methodHandle*, JavaCallArguments*, Thread*)+0x1c6
V  [libjvm.dylib+0x2db1b5]  JavaCalls::call_special(JavaValue*, KlassHandle, Symbol*, Symbol*, JavaCallArguments*, Thread*)+0x81
V  [libjvm.dylib+0x241083]  Exceptions::new_exception(Thread*, Symbol*, Symbol*, JavaCallArguments*, Handle, Handle)+0x103
V  [libjvm.dylib+0x241180]  Exceptions::new_exception(Thread*, Symbol*, Symbol*, JavaCallArguments*, Handle, Handle, Handle)+0x2a
V  [libjvm.dylib+0x2413f1]  Exceptions::new_exception(Thread*, Symbol*, char const*, Handle, Handle, Handle, Exceptions::ExceptionMsgToUtf8Mode)+0x169
V  [libjvm.dylib+0x24140c]  Exceptions::new_exception(Thread*, Symbol*, char const*, Exceptions::ExceptionMsgToUtf8Mode)+0x18
V  [libjvm.dylib+0x27c2da]  GenerateOopMap::verify_error(char const*, ...)+0xfe
V  [libjvm.dylib+0x27c77b]  GenerateOopMap::set_var(int, CellTypeState)+0x1f
V  [libjvm.dylib+0x27c7c9]  GenerateOopMap::do_astore(int)+0x3f
V  [libjvm.dylib+0x27ebc9]  GenerateOopMap::interp_bb(BasicBlock*)+0xa5
V  [libjvm.dylib+0x27ede7]  GenerateOopMap::interp_all()+0x31
V  [libjvm.dylib+0x27f26e]  GenerateOopMap::do_interpretation()+0x44
V  [libjvm.dylib+0x27f602]  GenerateOopMap::compute_map(Thread*)+0x1c6
V  [libjvm.dylib+0x418cae]  OopMapForCacheEntry::compute_map(Thread*)+0xb0
V  [libjvm.dylib+0x418e0d]  OopMapCacheEntry::fill(methodHandle, int)+0xb1
V  [libjvm.dylib+0x41907a]  OopMapCache::lookup(methodHandle, int, InterpreterOopMap*)+0x126
V  [libjvm.dylib+0x524f31]  interpretedVFrame::locals() const+0x91
V  [libjvm.dylib+0x376a19]  VM_GetOrSetLocal::doit()+0x22f
V  [libjvm.dylib+0x532237]  VM_Operation::evaluate()+0x4f
V  [libjvm.dylib+0x53089b]  VMThread::evaluate_operation(VM_Operation*)+0xdf
V  [libjvm.dylib+0x530ce8]  VMThread::loop()+0x328
V  [libjvm.dylib+0x53060f]  VMThread::run()+0x79
V  [libjvm.dylib+0x420772]  java_start(Thread*)+0x126
C  [libsystem_pthread.dylib+0x1899]  _pthread_body+0x8a
C  [libsystem_pthread.dylib+0x172a]  _pthread_struct_init+0x0
C  [libsystem_pthread.dylib+0x5fc9]  thread_start+0xd

VM_Operation (0x0000000117cb6958): GetOrSetLocal, mode: safepoint, requested by thread 0x00007f8f8d81c000


---------------  P R O C E S S  ---------------

Java Threads: ( => current thread )
  0x00007f8f8d02f000 JavaThread "Service Thread" daemon [_thread_blocked, id=20739, stack(0x00000001180c6000,0x00000001181c6000)]
  0x00007f8f8d827000 JavaThread "C2 CompilerThread1" daemon [_thread_blocked, id=20227, stack(0x0000000117fc3000,0x00000001180c3000)]
  0x00007f8f8d828000 JavaThread "C2 CompilerThread0" daemon [_thread_blocked, id=19715, stack(0x0000000117ec0000,0x0000000117fc0000)]
  0x00007f8f8c824000 JavaThread "JDWP Command Reader" daemon [_thread_in_native, id=19203, stack(0x0000000117dbd000,0x0000000117ebd000)]
  0x00007f8f8d81d000 JavaThread "JDWP Event Helper Thread" daemon [_thread_blocked, id=18691, stack(0x0000000117cba000,0x0000000117dba000)]
  0x00007f8f8d81c000 JavaThread "JDWP Transport Listener: dt_socket" daemon [_thread_blocked, id=18179, stack(0x0000000117bb7000,0x0000000117cb7000)]
  0x00007f8f8d816000 JavaThread "Signal Dispatcher" daemon [_thread_blocked, id=17667, stack(0x0000000117aae000,0x0000000117bae000)]
  0x00007f8f8d021000 JavaThread "Finalizer" daemon [_thread_blocked, id=12547, stack(0x000000011787a000,0x000000011797a000)]
  0x00007f8f8d020800 JavaThread "Reference Handler" daemon [_thread_blocked, id=12035, stack(0x0000000117777000,0x0000000117877000)]
  0x00007f8f8c011800 JavaThread "main" [_thread_blocked, id=6403, stack(0x000000010e060000,0x000000010e160000)]

Other Threads:
=>0x00007f8f8d01e000 VMThread [stack: 0x0000000117674000,0x0000000117774000] [id=11523]
  0x00007f8f8d030800 WatcherThread [stack: 0x00000001181c9000,0x00000001182c9000] [id=21251]

VM state:at safepoint (normal execution)

VM Mutex/Monitor currently owned by a thread:  ([mutex/lock_event])
[0x00007f8f8bc10f00] Threads_lock - owner thread: 0x00007f8f8d01e000

Heap
 PSYoungGen      total 38912K, used 25251K [0x00000007d5500000, 0x00000007d8000000, 0x0000000800000000)
  eden space 33792K, 74% used [0x00000007d5500000,0x00000007d6da8fd8,0x00000007d7600000)
  from space 5120K, 0% used [0x00000007d7b00000,0x00000007d7b00000,0x00000007d8000000)
  to   space 5120K, 0% used [0x00000007d7600000,0x00000007d7600000,0x00000007d7b00000)
 ParOldGen       total 87040K, used 0K [0x0000000780000000, 0x0000000785500000, 0x00000007d5500000)
  object space 87040K, 0% used [0x0000000780000000,0x0000000780000000,0x0000000785500000)
 PSPermGen       total 21504K, used 11940K [0x000000077ae00000, 0x000000077c300000, 0x0000000780000000)
  object space 21504K, 55% used [0x000000077ae00000,0x000000077b9a9300,0x000000077c300000)

Card table byte_map: [0x0000000111222000,0x000000011164c000] byte_map_base: 0x000000010d64b000

Polling page: 0x000000010cd3e000

Code Cache  [0x000000010e162000, 0x000000010e3d2000, 0x0000000111162000)
 total_blobs=401 nmethods=75 adapters=288 free_code_cache=48477Kb largest_free_block=49612352

Compilation events (10 events):
Event: 1.084 Thread 0x00007f8f8d828000   71             sun.nio.cs.UTF_8$Decoder::decodeArrayLoop (543 bytes)
Event: 1.085 Thread 0x00007f8f8d827000   72             java.util.TreeMap::put (247 bytes)
Event: 1.105 Thread 0x00007f8f8d828000 nmethod 71 0x000000010e20c190 code [0x000000010e20c3e0, 0x000000010e20d1c8]
Event: 1.106 Thread 0x00007f8f8d827000 nmethod 72 0x000000010e20dfd0 code [0x000000010e20e1e0, 0x000000010e20ee20]
Event: 8.210 Thread 0x00007f8f8d828000   73             java.lang.CharacterDataLatin1::toUpperCase (53 bytes)
Event: 8.211 Thread 0x00007f8f8d828000 nmethod 73 0x000000010e1ff410 code [0x000000010e1ff540, 0x000000010e1ff618]
Event: 8.226 Thread 0x00007f8f8d827000   74             com.mysql.jdbc.MysqlIO::readFully (91 bytes)
Event: 8.232 Thread 0x00007f8f8d827000 nmethod 74 0x000000010e207ed0 code [0x000000010e208060, 0x000000010e2088d8]
Event: 19.522 Thread 0x00007f8f8d828000   75             sun.security.provider.SHA::implCompress (491 bytes)
Event: 19.539 Thread 0x00007f8f8d828000 nmethod 75 0x000000010e209d90 code [0x000000010e209f00, 0x000000010e20a9e8]

GC Heap History (0 events):
No events

Deoptimization events (10 events):
Event: 0.631 Thread 0x00007f8f8c011800 Uncommon trap: reason=range_check action=none pc=0x000000010e1e4b2c method=sun.reflect.generics.parser.SignatureParser.current()C @ 34
Event: 0.631 Thread 0x00007f8f8c011800 Uncommon trap: reason=range_check action=none pc=0x000000010e1e4b2c method=sun.reflect.generics.parser.SignatureParser.current()C @ 34
Event: 0.640 Thread 0x00007f8f8c011800 Uncommon trap: reason=range_check action=none pc=0x000000010e1e4b2c method=sun.reflect.generics.parser.SignatureParser.current()C @ 34
Event: 0.647 Thread 0x00007f8f8c011800 Uncommon trap: reason=range_check action=none pc=0x000000010e1e4b2c method=sun.reflect.generics.parser.SignatureParser.current()C @ 34
Event: 0.677 Thread 0x00007f8f8c011800 Uncommon trap: reason=bimorphic action=maybe_recompile pc=0x000000010e1e5530 method=java.util.Properties$LineReader.readLine()I @ 62
Event: 0.677 Thread 0x00007f8f8c011800 Uncommon trap: reason=bimorphic action=maybe_recompile pc=0x000000010e1e5530 method=java.util.Properties$LineReader.readLine()I @ 62
Event: 0.677 Thread 0x00007f8f8c011800 Uncommon trap: reason=bimorphic action=maybe_recompile pc=0x000000010e1e5530 method=java.util.Properties$LineReader.readLine()I @ 62
Event: 0.677 Thread 0x00007f8f8c011800 Uncommon trap: reason=bimorphic action=maybe_recompile pc=0x000000010e1e5530 method=java.util.Properties$LineReader.readLine()I @ 62
Event: 0.695 Thread 0x00007f8f8c011800 Uncommon trap: reason=unreached action=reinterpret pc=0x000000010e1e1030 method=java.lang.AbstractStringBuilder.append(Ljava/lang/String;)Ljava/lang/AbstractStringBuilder; @ 1
Event: 8.191 Thread 0x00007f8f8c011800 Uncommon trap: reason=unreached action=reinterpret pc=0x000000010e20eb30 method=java.util.TreeMap.put(Ljava/lang/Object;Ljava/lang/Object;)Ljava/lang/Object; @ 55

Internal exceptions (10 events):
Event: 0.932 Thread 0x00007f8f8c011800 Threw 0x00000007d6bac158 at /HUDSON/workspace/7u-2-build-macosx-x86_64/jdk7u67/1368/hotspot/src/share/vm/prims/jvm.cpp:1244
Event: 1.088 Thread 0x00007f8f8c011800 Threw 0x00000007d6c1f4d0 at /HUDSON/workspace/7u-2-build-macosx-x86_64/jdk7u67/1368/hotspot/src/share/vm/prims/jvm.cpp:1244
Event: 1.090 Thread 0x00007f8f8c011800 Threw 0x00000007d6c28ae8 at /HUDSON/workspace/7u-2-build-macosx-x86_64/jdk7u67/1368/hotspot/src/share/vm/prims/jvm.cpp:1244
Event: 1.092 Thread 0x00007f8f8c011800 Threw 0x00000007d6c31b60 at /HUDSON/workspace/7u-2-build-macosx-x86_64/jdk7u67/1368/hotspot/src/share/vm/prims/jvm.cpp:1244
Event: 1.094 Thread 0x00007f8f8c011800 Threw 0x00000007d6c3aec8 at /HUDSON/workspace/7u-2-build-macosx-x86_64/jdk7u67/1368/hotspot/src/share/vm/prims/jvm.cpp:1244
Event: 8.188 Thread 0x00007f8f8c011800 Threw 0x00000007d6c3ef20 at /HUDSON/workspace/7u-2-build-macosx-x86_64/jdk7u67/1368/hotspot/src/share/vm/prims/jvm.cpp:1244
Event: 8.201 Thread 0x00007f8f8c011800 Threw 0x00000007d6c49708 at /HUDSON/workspace/7u-2-build-macosx-x86_64/jdk7u67/1368/hotspot/src/share/vm/prims/jvm.cpp:1244
Event: 8.203 Thread 0x00007f8f8c011800 Threw 0x00000007d6c4fa90 at /HUDSON/workspace/7u-2-build-macosx-x86_64/jdk7u67/1368/hotspot/src/share/vm/prims/jvm.cpp:1244
Event: 8.205 Thread 0x00007f8f8c011800 Threw 0x00000007d6c59520 at /HUDSON/workspace/7u-2-build-macosx-x86_64/jdk7u67/1368/hotspot/src/share/vm/prims/jvm.cpp:1244
Event: 8.205 Thread 0x00007f8f8c011800 Threw 0x00000007d6c5b6a8 at /HUDSON/workspace/7u-2-build-macosx-x86_64/jdk7u67/1368/hotspot/src/share/vm/prims/jvm.cpp:1244

Events (10 events):
Event: 81.426 Executing VM operation: ChangeBreakpoints done
Event: 81.428 Executing VM operation: EnterInterpOnlyMode
Event: 81.428 Executing VM operation: EnterInterpOnlyMode done
Event: 81.429 Executing VM operation: GetCurrentLocation
Event: 81.429 Executing VM operation: GetCurrentLocation done
Event: 81.429 Executing VM operation: ChangeSingleStep
Event: 81.429 Executing VM operation: ChangeSingleStep done
Event: 81.429 Executing VM operation: ChangeSingleStep
Event: 81.429 Executing VM operation: ChangeSingleStep done
Event: 82.344 Executing VM operation: GetOrSetLocal


Dynamic libraries:
0x000000000c7a3000 	/System/Library/Frameworks/Cocoa.framework/Versions/A/Cocoa
0x000000000c7a3000 	/System/Library/Frameworks/Security.framework/Versions/A/Security
0x000000000c7a3000 	/System/Library/Frameworks/ApplicationServices.framework/Versions/A/ApplicationServices
0x000000000c7a3000 	/usr/lib/libz.1.dylib
0x000000000c7a3000 	/usr/lib/libSystem.B.dylib
0x000000000c7a3000 	/usr/lib/libobjc.A.dylib
0x000000000c7a3000 	/System/Library/Frameworks/CoreFoundation.framework/Versions/A/CoreFoundation
0x000000000c7a3000 	/System/Library/Frameworks/Foundation.framework/Versions/C/Foundation
0x000000000c7a3000 	/System/Library/Frameworks/AppKit.framework/Versions/C/AppKit
0x000000000c7a3000 	/System/Library/Frameworks/CoreData.framework/Versions/A/CoreData
0x000000000c7a3000 	/System/Library/PrivateFrameworks/RemoteViewServices.framework/Versions/A/RemoteViewServices
0x000000000c7a3000 	/System/Library/Frameworks/AudioToolbox.framework/Versions/A/AudioToolbox
0x000000000c7a3000 	/System/Library/Frameworks/AudioUnit.framework/Versions/A/AudioUnit
0x000000000c7a3000 	/System/Library/PrivateFrameworks/DataDetectorsCore.framework/Versions/A/DataDetectorsCore
0x000000000c7a3000 	/System/Library/PrivateFrameworks/DesktopServicesPriv.framework/Versions/A/DesktopServicesPriv
0x000000000c7a3000 	/System/Library/Frameworks/Carbon.framework/Versions/A/Frameworks/HIToolbox.framework/Versions/A/HIToolbox
0x000000000c7a3000 	/System/Library/Frameworks/QuartzCore.framework/Versions/A/QuartzCore
0x000000000c7a3000 	/System/Library/Frameworks/Carbon.framework/Versions/A/Frameworks/SpeechRecognition.framework/Versions/A/SpeechRecognition
0x000000000c7a3000 	/usr/lib/libauto.dylib
0x000000000c7a3000 	/usr/lib/libicucore.A.dylib
0x000000000c7a3000 	/usr/lib/libxml2.2.dylib
0x000000000c7a3000 	/System/Library/PrivateFrameworks/CoreUI.framework/Versions/A/CoreUI
0x000000000c7a3000 	/System/Library/Frameworks/CoreAudio.framework/Versions/A/CoreAudio
0x000000000c7a3000 	/System/Library/Frameworks/DiskArbitration.framework/Versions/A/DiskArbitration
0x000000000c7a3000 	/usr/lib/liblangid.dylib
0x000000000c7a3000 	/System/Library/PrivateFrameworks/MultitouchSupport.framework/Versions/A/MultitouchSupport
0x000000000c7a3000 	/System/Library/Frameworks/IOKit.framework/Versions/A/IOKit
0x000000000c7a3000 	/usr/lib/libDiagnosticMessagesClient.dylib
0x000000000c7a3000 	/System/Library/Frameworks/CoreServices.framework/Versions/A/CoreServices
0x000000000c7a3000 	/System/Library/PrivateFrameworks/PerformanceAnalysis.framework/Versions/A/PerformanceAnalysis
0x000000000c7a3000 	/System/Library/PrivateFrameworks/GenerationalStorage.framework/Versions/A/GenerationalStorage
0x000000000c7a3000 	/System/Library/Frameworks/OpenGL.framework/Versions/A/OpenGL
0x000000000c7a3000 	/System/Library/PrivateFrameworks/Sharing.framework/Versions/A/Sharing
0x000000000c7a3000 	/System/Library/Frameworks/ImageIO.framework/Versions/A/ImageIO
0x000000000c7a3000 	/System/Library/Frameworks/CoreText.framework/Versions/A/CoreText
0x000000000c7a3000 	/System/Library/Frameworks/CoreGraphics.framework/Versions/A/CoreGraphics
0x000000000c7a3000 	/System/Library/PrivateFrameworks/Backup.framework/Versions/A/Backup
0x000000000c7a3000 	/System/Library/Frameworks/CFNetwork.framework/Versions/A/CFNetwork
0x000000000c7a3000 	/System/Library/Frameworks/SystemConfiguration.framework/Versions/A/SystemConfiguration
0x000000000c7a3000 	/usr/lib/libCRFSuite.dylib
0x000000000c7a3000 	/usr/lib/libc++.1.dylib
0x000000000c7a3000 	/usr/lib/libc++abi.dylib
0x000000000c7a3000 	/usr/lib/system/libcache.dylib
0x000000000c7a3000 	/usr/lib/system/libcommonCrypto.dylib
0x000000000c7a3000 	/usr/lib/system/libcompiler_rt.dylib
0x000000000c7a3000 	/usr/lib/system/libcopyfile.dylib
0x000000000c7a3000 	/usr/lib/system/libcorecrypto.dylib
0x000000000c7a3000 	/usr/lib/system/libdispatch.dylib
0x000000000c7a3000 	/usr/lib/system/libdyld.dylib
0x000000000c7a3000 	/usr/lib/system/libkeymgr.dylib
0x000000000c7a3000 	/usr/lib/system/liblaunch.dylib
0x000000000c7a3000 	/usr/lib/system/libmacho.dylib
0x000000000c7a3000 	/usr/lib/system/libquarantine.dylib
0x000000000c7a3000 	/usr/lib/system/libremovefile.dylib
0x000000000c7a3000 	/usr/lib/system/libsystem_asl.dylib
0x000000000c7a3000 	/usr/lib/system/libsystem_blocks.dylib
0x000000000c7a3000 	/usr/lib/system/libsystem_c.dylib
0x000000000c7a3000 	/usr/lib/system/libsystem_configuration.dylib
0x000000000c7a3000 	/usr/lib/system/libsystem_dnssd.dylib
0x000000000c7a3000 	/usr/lib/system/libsystem_info.dylib
0x000000000c7a3000 	/usr/lib/system/libsystem_kernel.dylib
0x000000000c7a3000 	/usr/lib/system/libsystem_m.dylib
0x000000000c7a3000 	/usr/lib/system/libsystem_malloc.dylib
0x000000000c7a3000 	/usr/lib/system/libsystem_network.dylib
0x000000000c7a3000 	/usr/lib/system/libsystem_notify.dylib
0x000000000c7a3000 	/usr/lib/system/libsystem_platform.dylib
0x000000000c7a3000 	/usr/lib/system/libsystem_pthread.dylib
0x000000000c7a3000 	/usr/lib/system/libsystem_sandbox.dylib
0x000000000c7a3000 	/usr/lib/system/libsystem_stats.dylib
0x000000000c7a3000 	/usr/lib/system/libunc.dylib
0x000000000c7a3000 	/usr/lib/system/libunwind.dylib
0x000000000c7a3000 	/usr/lib/system/libxpc.dylib
0x000000000c7a3000 	/usr/lib/libbsm.0.dylib
0x000000000c7a3000 	/usr/lib/libsqlite3.dylib
0x000000000c7a3000 	/usr/lib/libxar.1.dylib
0x000000000c7a3000 	/usr/lib/libpam.2.dylib
0x000000000c7a3000 	/usr/lib/libOpenScriptingUtil.dylib
0x000000000c7a3000 	/usr/lib/libbz2.1.0.dylib
0x000000000c7a3000 	/System/Library/Frameworks/CoreServices.framework/Versions/A/Frameworks/CarbonCore.framework/Versions/A/CarbonCore
0x000000000c7a3000 	/System/Library/Frameworks/CoreServices.framework/Versions/A/Frameworks/Metadata.framework/Versions/A/Metadata
0x000000000c7a3000 	/System/Library/Frameworks/CoreServices.framework/Versions/A/Frameworks/OSServices.framework/Versions/A/OSServices
0x000000000c7a3000 	/System/Library/Frameworks/CoreServices.framework/Versions/A/Frameworks/SearchKit.framework/Versions/A/SearchKit
0x000000000c7a3000 	/System/Library/Frameworks/CoreServices.framework/Versions/A/Frameworks/AE.framework/Versions/A/AE
0x000000000c7a3000 	/System/Library/Frameworks/CoreServices.framework/Versions/A/Frameworks/LaunchServices.framework/Versions/A/LaunchServices
0x000000000c7a3000 	/System/Library/Frameworks/CoreServices.framework/Versions/A/Frameworks/DictionaryServices.framework/Versions/A/DictionaryServices
0x000000000c7a3000 	/System/Library/Frameworks/NetFS.framework/Versions/A/NetFS
0x000000000c7a3000 	/usr/lib/system/libkxld.dylib
0x000000000c7a3000 	/System/Library/PrivateFrameworks/NetAuth.framework/Versions/A/NetAuth
0x000000000c7a3000 	/System/Library/PrivateFrameworks/TCC.framework/Versions/A/TCC
0x000000000c7a3000 	/System/Library/Frameworks/OpenDirectory.framework/Versions/A/Frameworks/CFOpenDirectory.framework/Versions/A/CFOpenDirectory
0x000000000c7a3000 	/System/Library/Frameworks/ServiceManagement.framework/Versions/A/ServiceManagement
0x000000000c7a3000 	/usr/lib/libxslt.1.dylib
0x000000000c7a3000 	/System/Library/Frameworks/Carbon.framework/Versions/A/Frameworks/Ink.framework/Versions/A/Ink
0x000000000c7a3000 	/System/Library/Frameworks/ApplicationServices.framework/Versions/A/Frameworks/ATS.framework/Versions/A/ATS
0x000000000c7a3000 	/System/Library/Frameworks/ApplicationServices.framework/Versions/A/Frameworks/ColorSync.framework/Versions/A/ColorSync
0x000000000c7a3000 	/System/Library/Frameworks/ApplicationServices.framework/Versions/A/Frameworks/HIServices.framework/Versions/A/HIServices
0x000000000c7a3000 	/System/Library/Frameworks/ApplicationServices.framework/Versions/A/Frameworks/LangAnalysis.framework/Versions/A/LangAnalysis
0x000000000c7a3000 	/System/Library/Frameworks/ApplicationServices.framework/Versions/A/Frameworks/PrintCore.framework/Versions/A/PrintCore
0x000000000c7a3000 	/System/Library/Frameworks/ApplicationServices.framework/Versions/A/Frameworks/QD.framework/Versions/A/QD
0x000000000c7a3000 	/System/Library/Frameworks/ApplicationServices.framework/Versions/A/Frameworks/SpeechSynthesis.framework/Versions/A/SpeechSynthesis
0x000000000c7a3000 	/System/Library/Frameworks/IOSurface.framework/Versions/A/IOSurface
0x000000000c7a3000 	/System/Library/Frameworks/Accelerate.framework/Versions/A/Accelerate
0x000000000c7a3000 	/System/Library/Frameworks/Accelerate.framework/Versions/A/Frameworks/vImage.framework/Versions/A/vImage
0x000000000c7a3000 	/System/Library/Frameworks/Accelerate.framework/Versions/A/Frameworks/vecLib.framework/Versions/A/vecLib
0x000000000c7a3000 	/System/Library/Frameworks/Accelerate.framework/Versions/A/Frameworks/vecLib.framework/Versions/A/libvDSP.dylib
0x000000000c7a3000 	/System/Library/Frameworks/Accelerate.framework/Versions/A/Frameworks/vecLib.framework/Versions/A/libvMisc.dylib
0x000000000c7a3000 	/System/Library/Frameworks/Accelerate.framework/Versions/A/Frameworks/vecLib.framework/Versions/A/libLAPACK.dylib
0x000000000c7a3000 	/System/Library/Frameworks/Accelerate.framework/Versions/A/Frameworks/vecLib.framework/Versions/A/libBLAS.dylib
0x000000000c7a3000 	/System/Library/Frameworks/ApplicationServices.framework/Versions/A/Frameworks/ATS.framework/Versions/A/Resources/libFontParser.dylib
0x000000000c7a3000 	/System/Library/Frameworks/ApplicationServices.framework/Versions/A/Frameworks/ATS.framework/Versions/A/Resources/libFontRegistry.dylib
0x000000000c7a3000 	/System/Library/Frameworks/ImageIO.framework/Versions/A/Resources/libJPEG.dylib
0x000000000c7a3000 	/System/Library/Frameworks/ImageIO.framework/Versions/A/Resources/libTIFF.dylib
0x000000000c7a3000 	/System/Library/Frameworks/ImageIO.framework/Versions/A/Resources/libPng.dylib
0x000000000c7a3000 	/System/Library/Frameworks/ImageIO.framework/Versions/A/Resources/libGIF.dylib
0x000000000c7a3000 	/System/Library/Frameworks/ImageIO.framework/Versions/A/Resources/libJP2.dylib
0x000000000c7a3000 	/System/Library/Frameworks/ImageIO.framework/Versions/A/Resources/libRadiance.dylib
0x000000000c7a3000 	/usr/lib/libcups.2.dylib
0x000000000c7a3000 	/System/Library/Frameworks/Kerberos.framework/Versions/A/Kerberos
0x000000000c7a3000 	/System/Library/Frameworks/GSS.framework/Versions/A/GSS
0x000000000c7a3000 	/usr/lib/libresolv.9.dylib
0x000000000c7a3000 	/usr/lib/libiconv.2.dylib
0x000000000c7a3000 	/System/Library/PrivateFrameworks/Heimdal.framework/Versions/A/Heimdal
0x000000000c7a3000 	/System/Library/PrivateFrameworks/TrustEvaluationAgent.framework/Versions/A/TrustEvaluationAgent
0x000000000c7a3000 	/usr/lib/libheimdal-asn1.dylib
0x000000000c7a3000 	/System/Library/Frameworks/OpenDirectory.framework/Versions/A/OpenDirectory
0x000000000c7a3000 	/System/Library/PrivateFrameworks/CommonAuth.framework/Versions/A/CommonAuth
0x000000000c7a3000 	/System/Library/Frameworks/SecurityFoundation.framework/Versions/A/SecurityFoundation
0x000000000c7a3000 	/System/Library/PrivateFrameworks/Bom.framework/Versions/A/Bom
0x000000000c7a3000 	/System/Library/Frameworks/CoreVideo.framework/Versions/A/CoreVideo
0x000000000c7a3000 	/System/Library/Frameworks/QuartzCore.framework/Versions/A/Frameworks/CoreImage.framework/Versions/A/CoreImage
0x000000000c7a3000 	/System/Library/Frameworks/QuartzCore.framework/Versions/A/Frameworks/ScalableUserInterface.framework/Versions/A/ScalableUserInterface
0x000000000c7a3000 	/System/Library/Frameworks/OpenGL.framework/Versions/A/Libraries/libGLU.dylib
0x000000000c7a3000 	/System/Library/Frameworks/OpenGL.framework/Versions/A/Libraries/libGFXShared.dylib
0x000000000c7a3000 	/System/Library/Frameworks/OpenGL.framework/Versions/A/Libraries/libGL.dylib
0x000000000c7a3000 	/System/Library/Frameworks/OpenGL.framework/Versions/A/Libraries/libGLImage.dylib
0x000000000c7a3000 	/System/Library/Frameworks/OpenGL.framework/Versions/A/Libraries/libCVMSPluginSupport.dylib
0x000000000c7a3000 	/System/Library/Frameworks/OpenGL.framework/Versions/A/Libraries/libCoreVMClient.dylib
0x000000000c7a3000 	/System/Library/PrivateFrameworks/FaceCore.framework/Versions/A/FaceCore
0x000000000c7a3000 	/System/Library/PrivateFrameworks/CrashReporterSupport.framework/Versions/A/CrashReporterSupport
0x000000000c7a3000 	/System/Library/Frameworks/OpenCL.framework/Versions/A/OpenCL
0x000000000c7a3000 	/System/Library/PrivateFrameworks/AppleFSCompression.framework/Versions/A/AppleFSCompression
0x000000000c7a3000 	/System/Library/PrivateFrameworks/Ubiquity.framework/Versions/A/Ubiquity
0x000000000c7a3000 	/System/Library/PrivateFrameworks/IconServices.framework/Versions/A/IconServices
0x000000000c7a3000 	/System/Library/PrivateFrameworks/ChunkingLibrary.framework/Versions/A/ChunkingLibrary
0x000000000c7a3000 	/System/Library/PrivateFrameworks/CoreSymbolication.framework/Versions/A/CoreSymbolication
0x000000000c7a3000 	/System/Library/PrivateFrameworks/Symbolication.framework/Versions/A/Symbolication
0x000000000c7a3000 	/System/Library/PrivateFrameworks/DebugSymbols.framework/Versions/A/DebugSymbols
0x000000010d600000 	/Library/Java/JavaVirtualMachines/jdk1.7.0_67.jdk/Contents/Home/jre/lib/server/libjvm.dylib
0x000000000c7a3000 	/usr/lib/libstdc++.6.dylib
0x000000010cd01000 	/Library/Java/JavaVirtualMachines/jdk1.7.0_67.jdk/Contents/Home/jre/lib/libverify.dylib
0x000000010cd0e000 	/Library/Java/JavaVirtualMachines/jdk1.7.0_67.jdk/Contents/Home/jre/lib/libjava.dylib
0x000000010cd3f000 	/Library/Java/JavaVirtualMachines/jdk1.7.0_67.jdk/Contents/Home/jre/lib/libjdwp.dylib
0x000000010cd7c000 	/Library/Java/JavaVirtualMachines/jdk1.7.0_67.jdk/Contents/Home/jre/lib/libnpt.dylib
0x000000010cd89000 	/Library/Java/JavaVirtualMachines/jdk1.7.0_67.jdk/Contents/Home/jre/lib/libzip.dylib
0x000000010cde6000 	/System/Library/Frameworks/JavaVM.framework/Frameworks/JavaRuntimeSupport.framework/JavaRuntimeSupport
0x000000011797c000 	/System/Library/Frameworks/JavaVM.framework/Versions/A/Frameworks/JavaNativeFoundation.framework/Versions/A/JavaNativeFoundation
0x0000000117990000 	/System/Library/Frameworks/JavaVM.framework/Versions/A/JavaVM
0x000000000c7a3000 	/System/Library/Frameworks/Carbon.framework/Versions/A/Carbon
0x000000011799c000 	/System/Library/PrivateFrameworks/JavaLaunching.framework/Versions/A/JavaLaunching
0x000000000c7a3000 	/System/Library/Frameworks/Carbon.framework/Versions/A/Frameworks/CommonPanels.framework/Versions/A/CommonPanels
0x000000000c7a3000 	/System/Library/Frameworks/Carbon.framework/Versions/A/Frameworks/Help.framework/Versions/A/Help
0x000000000c7a3000 	/System/Library/Frameworks/Carbon.framework/Versions/A/Frameworks/ImageCapture.framework/Versions/A/ImageCapture
0x000000000c7a3000 	/System/Library/Frameworks/Carbon.framework/Versions/A/Frameworks/OpenScripting.framework/Versions/A/OpenScripting
0x000000000c7a3000 	/System/Library/Frameworks/Carbon.framework/Versions/A/Frameworks/Print.framework/Versions/A/Print
0x000000000c7a3000 	/System/Library/Frameworks/Carbon.framework/Versions/A/Frameworks/SecurityHI.framework/Versions/A/SecurityHI
0x0000000117bb0000 	/Library/Java/JavaVirtualMachines/jdk1.7.0_67.jdk/Contents/Home/jre/lib/libdt_socket.dylib
0x00000001184c0000 	/Library/Java/JavaVirtualMachines/jdk1.7.0_67.jdk/Contents/Home/jre/lib/libmanagement.dylib
0x00000001184c8000 	/Library/Java/JavaVirtualMachines/jdk1.7.0_67.jdk/Contents/Home/jre/lib/libnio.dylib
0x00000001184d7000 	/Library/Java/JavaVirtualMachines/jdk1.7.0_67.jdk/Contents/Home/jre/lib/./libnet.dylib

VM Arguments:
jvm_args: -agentlib:jdwp=transport=dt_socket,suspend=y,address=localhost:64647 -Dfile.encoding=UTF-8 
java_command: fishgenerator.service.FishService
Launcher Type: SUN_STANDARD

Environment Variables:
PATH=/usr/bin:/bin:/usr/sbin:/sbin
SHELL=/bin/bash

Signal Handlers:
SIGSEGV: [libjvm.dylib+0x52b6c9], sa_mask[0]=0xfffefeff, sa_flags=0x00000043
SIGBUS: [libjvm.dylib+0x52b6c9], sa_mask[0]=0xfffefeff, sa_flags=0x00000042
SIGFPE: [libjvm.dylib+0x41deaa], sa_mask[0]=0xfffefeff, sa_flags=0x00000042
SIGPIPE: [libjvm.dylib+0x41deaa], sa_mask[0]=0xfffefeff, sa_flags=0x00000042
SIGXFSZ: [libjvm.dylib+0x41deaa], sa_mask[0]=0xfffefeff, sa_flags=0x00000042
SIGILL: [libjvm.dylib+0x41deaa], sa_mask[0]=0xfffefeff, sa_flags=0x00000042
SIGUSR1: SIG_DFL, sa_mask[0]=0x00000000, sa_flags=0x00000002
SIGUSR2: [libjvm.dylib+0x41d99c], sa_mask[0]=0x00000004, sa_flags=0x00000042
SIGHUP: [libjvm.dylib+0x41bc2d], sa_mask[0]=0xfffefeff, sa_flags=0x00000042
SIGINT: [libjvm.dylib+0x41bc2d], sa_mask[0]=0xfffefeff, sa_flags=0x00000042
SIGTERM: [libjvm.dylib+0x41bc2d], sa_mask[0]=0xfffefeff, sa_flags=0x00000042
SIGQUIT: [libjvm.dylib+0x41bc2d], sa_mask[0]=0xfffefeff, sa_flags=0x00000042


---------------  S Y S T E M  ---------------

OS:Bsduname:Darwin 13.4.0 Darwin Kernel Version 13.4.0: Sun Aug 17 19:50:11 PDT 2014; root:xnu-2422.115.4~1/RELEASE_X86_64 x86_64
rlimit: STACK 8192k, CORE 0k, NPROC 709, NOFILE 10240, AS infinity
load average:1.56 1.42 1.42

CPU:total 4 (2 cores per cpu, 2 threads per core) family 6 model 69 stepping 1, cmov, cx8, fxsr, mmx, sse, sse2, sse3, ssse3, sse4.1, sse4.2, popcnt, avx, avx2, aes, erms, ht, tsc, tscinvbit

Memory: 4k page, physical 8388608k(2097152k free)

/proc/meminfo:


vm_info: Java HotSpot(TM) 64-Bit Server VM (24.65-b04) for bsd-amd64 JRE (1.7.0_67-b01), built on Jul 25 2014 08:51:51 by "java_re" with gcc 4.2.1 (Based on Apple Inc. build 5658) (LLVM build 2336.11.00)

time: Sat Nov  8 22:27:31 2014
elapsed time: 82 seconds

